<?xml version="1.0" encoding="UTF-8"?>
<!-- Generated by org.testng.reporters.JUnitReportReporter -->
<testsuite skipped="0" hostname="NarutoWorld" name="ticketBookingTests.TicketBookingIRCTC" tests="4" failures="0" timestamp="07 Dec 2018 12:06:06 GMT" time="48.726" errors="0">
  <testcase name="selectJourneyTrain" time="8.173" classname="ticketBookingTests.TicketBookingIRCTC"/>
  <testcase name="fillingJouneyDetails" time="6.405" classname="ticketBookingTests.TicketBookingIRCTC"/>
  <testcase name="enterPassengerDetails" time="19.902" classname="ticketBookingTests.TicketBookingIRCTC"/>
  <testcase name="login" time="14.246" classname="ticketBookingTests.TicketBookingIRCTC"/>
</testsuite> <!-- ticketBookingTests.TicketBookingIRCTC -->
