<?xml version="1.0" encoding="UTF-8"?>
<!-- Generated by org.testng.reporters.JUnitReportReporter -->
<testsuite skipped="0" hostname="NarutoWorld" name="ticketBookingIRCTC.TicketBookingIRCTC" tests="2" failures="0" timestamp="24 Nov 2018 19:48:17 GMT" time="16.912" errors="0">
  <testcase name="login" time="16.910" classname="ticketBookingIRCTC.TicketBookingIRCTC"/>
  <testcase name="fillingJouneyDetails" time="0.002" classname="ticketBookingIRCTC.TicketBookingIRCTC"/>
</testsuite> <!-- ticketBookingIRCTC.TicketBookingIRCTC -->
